# JRE version: Java(TM) SE Runtime Environment (8.0_112-b15) (build 1.8.0_112-b15)
# Java VM: Java HotSpot(TM) 64-Bit Server VM (25.112-b15 mixed mode windows-amd64 compressed oops)
Heap:
 PSYoungGen      total 57344K, used 3147K [0x00000007bc400000, 0x00000007c0000000, 0x00000007c0000000)
  eden space 55296K, 1% used [0x00000007bc400000,0x00000007bc512ca0,0x00000007bfa00000)
  from space 2048K, 100% used [0x00000007bfe00000,0x00000007c0000000,0x00000007c0000000)
  to   space 3072K, 0% used [0x00000007bfa00000,0x00000007bfa00000,0x00000007bfd00000)
 ParOldGen       total 269312K, used 182523K [0x0000000700000000, 0x0000000710700000, 0x00000007bc400000)
  object space 269312K, 67% used [0x0000000700000000,0x000000070b23ee68,0x0000000710700000)
 Metaspace       used 87366K, capacity 88251K, committed 89088K, reserved 1126400K
  class space    used 12579K, capacity 12748K, committed 12800K, reserved 1048576K
GC Heap History (10 events):
Event: 46172.502 GC heap before
{Heap before GC invocations=1700 (full 30):
 PSYoungGen      total 58880K, used 57248K [0x00000007bc400000, 0x00000007c0000000, 0x00000007c0000000)
  eden space 56320K, 100% used [0x00000007bc400000,0x00000007bfb00000,0x00000007bfb00000)
  from space 2560K, 36% used [0x00000007bfb00000,0x00000007bfbe8000,0x00000007bfd80000)
  to   space 2560K, 0% used [0x00000007bfd80000,0x00000007bfd80000,0x00000007c0000000)
 ParOldGen       total 269312K, used 180089K [0x0000000700000000, 0x0000000710700000, 0x00000007bc400000)
  object space 269312K, 66% used [0x0000000700000000,0x000000070afde588,0x0000000710700000)
 Metaspace       used 87355K, capacity 88245K, committed 89088K, reserved 1126400K
  class space    used 12578K, capacity 12747K, committed 12800K, reserved 1048576K
Event: 46172.508 GC heap after
Heap after GC invocations=1700 (full 30):
 PSYoungGen      total 59392K, used 960K [0x00000007bc400000, 0x00000007c0000000, 0x00000007c0000000)
  eden space 56832K, 0% used [0x00000007bc400000,0x00000007bc400000,0x00000007bfb80000)
  from space 2560K, 37% used [0x00000007bfd80000,0x00000007bfe70000,0x00000007c0000000)
  to   space 2048K, 0% used [0x00000007bfb80000,0x00000007bfb80000,0x00000007bfd80000)
 ParOldGen       total 269312K, used 180089K [0x0000000700000000, 0x0000000710700000, 0x00000007bc400000)
  object space 269312K, 66% used [0x0000000700000000,0x000000070afde588,0x0000000710700000)
 Metaspace       used 87355K, capacity 88245K, committed 89088K, reserved 1126400K
  class space    used 12578K, capacity 12747K, committed 12800K, reserved 1048576K
}
Event: 46189.738 GC heap before
{Heap before GC invocations=1701 (full 30):
 PSYoungGen      total 59392K, used 57792K [0x00000007bc400000, 0x00000007c0000000, 0x00000007c0000000)
  eden space 56832K, 100% used [0x00000007bc400000,0x00000007bfb80000,0x00000007bfb80000)
  from space 2560K, 37% used [0x00000007bfd80000,0x00000007bfe70000,0x00000007c0000000)
  to   space 2048K, 0% used [0x00000007bfb80000,0x00000007bfb80000,0x00000007bfd80000)
 ParOldGen       total 269312K, used 180089K [0x0000000700000000, 0x0000000710700000, 0x00000007bc400000)
  object space 269312K, 66% used [0x0000000700000000,0x000000070afde588,0x0000000710700000)
 Metaspace       used 87355K, capacity 88245K, committed 89088K, reserved 1126400K
  class space    used 12578K, capacity 12747K, committed 12800K, reserved 1048576K
Event: 46189.742 GC heap after
Heap after GC invocations=1701 (full 30):
 PSYoungGen      total 58880K, used 960K [0x00000007bc400000, 0x00000007c0000000, 0x00000007c0000000)
  eden space 56832K, 0% used [0x00000007bc400000,0x00000007bc400000,0x00000007bfb80000)
  from space 2048K, 46% used [0x00000007bfb80000,0x00000007bfc70000,0x00000007bfd80000)
  to   space 2048K, 0% used [0x00000007bfe00000,0x00000007bfe00000,0x00000007c0000000)
 ParOldGen       total 269312K, used 180097K [0x0000000700000000, 0x0000000710700000, 0x00000007bc400000)
  object space 269312K, 66% used [0x0000000700000000,0x000000070afe0588,0x0000000710700000)
 Metaspace       used 87355K, capacity 88245K, committed 89088K, reserved 1126400K
  class space    used 12578K, capacity 12747K, committed 12800K, reserved 1048576K
}
Event: 46220.786 GC heap before
{Heap before GC invocations=1702 (full 30):
 PSYoungGen      total 58880K, used 57792K [0x00000007bc400000, 0x00000007c0000000, 0x00000007c0000000)
  eden space 56832K, 100% used [0x00000007bc400000,0x00000007bfb80000,0x00000007bfb80000)
  from space 2048K, 46% used [0x00000007bfb80000,0x00000007bfc70000,0x00000007bfd80000)
  to   space 2048K, 0% used [0x00000007bfe00000,0x00000007bfe00000,0x00000007c0000000)
 ParOldGen       total 269312K, used 180097K [0x0000000700000000, 0x0000000710700000, 0x00000007bc400000)
  object space 269312K, 66% used [0x0000000700000000,0x000000070afe0588,0x0000000710700000)
 Metaspace       used 87356K, capacity 88245K, committed 89088K, reserved 1126400K
  class space    used 12578K, capacity 12747K, committed 12800K, reserved 1048576K
Event: 46220.789 GC heap after
Heap after GC invocations=1702 (full 30):
 PSYoungGen      total 59392K, used 992K [0x00000007bc400000, 0x00000007c0000000, 0x00000007c0000000)
  eden space 57344K, 0% used [0x00000007bc400000,0x00000007bc400000,0x00000007bfc00000)
  from space 2048K, 48% used [0x00000007bfe00000,0x00000007bfef8000,0x00000007c0000000)
  to   space 2048K, 0% used [0x00000007bfc00000,0x00000007bfc00000,0x00000007bfe00000)
 ParOldGen       total 269312K, used 180113K [0x0000000700000000, 0x0000000710700000, 0x00000007bc400000)
  object space 269312K, 66% used [0x0000000700000000,0x000000070afe4588,0x0000000710700000)
 Metaspace       used 87356K, capacity 88245K, committed 89088K, reserved 1126400K
  class space    used 12578K, capacity 12747K, committed 12800K, reserved 1048576K
}
Event: 46221.655 GC heap before
{Heap before GC invocations=1703 (full 30):
 PSYoungGen      total 59392K, used 58336K [0x00000007bc400000, 0x00000007c0000000, 0x00000007c0000000)
  eden space 57344K, 100% used [0x00000007bc400000,0x00000007bfc00000,0x00000007bfc00000)
  from space 2048K, 48% used [0x00000007bfe00000,0x00000007bfef8000,0x00000007c0000000)
  to   space 2048K, 0% used [0x00000007bfc00000,0x00000007bfc00000,0x00000007bfe00000)
 ParOldGen       total 269312K, used 180113K [0x0000000700000000, 0x0000000710700000, 0x00000007bc400000)
  object space 269312K, 66% used [0x0000000700000000,0x000000070afe4588,0x0000000710700000)
 Metaspace       used 87356K, capacity 88245K, committed 89088K, reserved 1126400K
  class space    used 12578K, capacity 12747K, committed 12800K, reserved 1048576K
Event: 46221.658 GC heap after
Heap after GC invocations=1703 (full 30):
 PSYoungGen      total 59392K, used 864K [0x00000007bc400000, 0x00000007c0000000, 0x00000007c0000000)
  eden space 57344K, 0% used [0x00000007bc400000,0x00000007bc400000,0x00000007bfc00000)
  from space 2048K, 42% used [0x00000007bfc00000,0x00000007bfcd8000,0x00000007bfe00000)
  to   space 2048K, 0% used [0x00000007bfe00000,0x00000007bfe00000,0x00000007c0000000)
 ParOldGen       total 269312K, used 180113K [0x0000000700000000, 0x0000000710700000, 0x00000007bc400000)
  object space 269312K, 66% used [0x0000000700000000,0x000000070afe4588,0x0000000710700000)
 Metaspace       used 87356K, capacity 88245K, committed 89088K, reserved 1126400K
  class space    used 12578K, capacity 12747K, committed 12800K, reserved 1048576K
}
Event: 46229.064 GC heap before
{Heap before GC invocations=1704 (full 30):
 PSYoungGen      total 59392K, used 58208K [0x00000007bc400000, 0x00000007c0000000, 0x00000007c0000000)
  eden space 57344K, 100% used [0x00000007bc400000,0x00000007bfc00000,0x00000007bfc00000)
  from space 2048K, 42% used [0x00000007bfc00000,0x00000007bfcd8000,0x00000007bfe00000)
  to   space 2048K, 0% used [0x00000007bfe00000,0x00000007bfe00000,0x00000007c0000000)
 ParOldGen       total 269312K, used 180113K [0x0000000700000000, 0x0000000710700000, 0x00000007bc400000)
  object space 269312K, 66% used [0x0000000700000000,0x000000070afe4588,0x0000000710700000)
 Metaspace       used 87366K, capacity 88251K, committed 89088K, reserved 1126400K
  class space    used 12579K, capacity 12748K, committed 12800K, reserved 1048576K
Event: 46229.090 GC heap after
Heap after GC invocations=1704 (full 30):
 PSYoungGen      total 57344K, used 2048K [0x00000007bc400000, 0x00000007c0000000, 0x00000007c0000000)
  eden space 55296K, 0% used [0x00000007bc400000,0x00000007bc400000,0x00000007bfa00000)
  from space 2048K, 100% used [0x00000007bfe00000,0x00000007c0000000,0x00000007c0000000)
  to   space 3072K, 0% used [0x00000007bfa00000,0x00000007bfa00000,0x00000007bfd00000)
 ParOldGen       total 269312K, used 182523K [0x0000000700000000, 0x0000000710700000, 0x00000007bc400000)
  object space 269312K, 67% used [0x0000000700000000,0x000000070b23ee68,0x0000000710700000)
 Metaspace       used 87366K, capacity 88251K, committed 89088K, reserved 1126400K
  class space    used 12579K, capacity 12748K, committed 12800K, reserved 1048576K
}

